Build started 15/05/2017 22:41:56.
     1>Project "C:\Users\ailto\documents\visual studio 2010\Projects\PinEscape\PinEscape\PinEscape.vcxproj" on node 2 (build target(s)).
     1>InitializeBuildStatus:
         Creating "Debug\PinEscape.unsuccessfulbuild" because "AlwaysCreate" was specified.
       ClCompile:
         C:\Program Files (x86)\Microsoft Visual Studio 10.0\VC\bin\CL.exe /c /ZI /nologo /W3 /WX- /Od /Oy- /D WIN32 /D _DEBUG /D _CONSOLE /D _UNICODE /D UNICODE /Gm /EHsc /RTC1 /MDd /GS /fp:precise /Zc:wchar_t /Zc:forScope /Fo"Debug\\" /Fd"Debug\vc100.pdb" /Gd /TP /analyze- /errorReport:prompt PinEscape.cpp
         PinEscape.cpp
       ManifestResourceCompile:
         All outputs are up-to-date.
       Link:
         C:\Program Files (x86)\Microsoft Visual Studio 10.0\VC\bin\link.exe /ERRORREPORT:PROMPT /OUT:"C:\Users\ailto\documents\visual studio 2010\Projects\PinEscape\Debug\PinEscape.exe" /INCREMENTAL /NOLOGO kernel32.lib user32.lib gdi32.lib winspool.lib comdlg32.lib advapi32.lib shell32.lib ole32.lib oleaut32.lib uuid.lib odbc32.lib odbccp32.lib /MANIFEST /ManifestFile:"Debug\PinEscape.exe.intermediate.manifest" /MANIFESTUAC:"level='asInvoker' uiAccess='false'" /DEBUG /PDB:"C:\Users\ailto\documents\visual studio 2010\Projects\PinEscape\Debug\PinEscape.pdb" /SUBSYSTEM:CONSOLE /TLBID:1 /DYNAMICBASE /NXCOMPAT /IMPLIB:"C:\Users\ailto\documents\visual studio 2010\Projects\PinEscape\Debug\PinEscape.lib" /MACHINE:X86 Debug\PinEscape.exe.embed.manifest.res
         Debug\MemUpdateMapInformations.obj
         Debug\PinEscape.obj
       Manifest:
         C:\Program Files (x86)\Microsoft SDKs\Windows\v7.0A\bin\mt.exe /nologo /verbose /out:"Debug\PinEscape.exe.embed.manifest" /manifest Debug\PinEscape.exe.intermediate.manifest
         All outputs are up-to-date.
       LinkEmbedManifest:
         All outputs are up-to-date.
         PinEscape.vcxproj -> C:\Users\ailto\documents\visual studio 2010\Projects\PinEscape\Debug\PinEscape.exe
       FinalizeBuildStatus:
         Deleting file "Debug\PinEscape.unsuccessfulbuild".
         Touching "Debug\PinEscape.lastbuildstate".
     1>Done Building Project "C:\Users\ailto\documents\visual studio 2010\Projects\PinEscape\PinEscape\PinEscape.vcxproj" (build target(s)).

Build succeeded.

Time Elapsed 00:00:03.61
