C:\USERS\AILTO\DOCUMENTS\VISUAL STUDIO 2010\PROJECTS\PINESCAPE\DEBUG\PINESCAPE.EXE
C:\USERS\AILTO\DOCUMENTS\VISUAL STUDIO 2010\PROJECTS\PINESCAPE\DEBUG\PINESCAPE.ILK
C:\USERS\AILTO\DOCUMENTS\VISUAL STUDIO 2010\PROJECTS\PINESCAPE\DEBUG\PINESCAPE.PDB
C:\Users\ailto\documents\visual studio 2010\Projects\PinEscape\PinEscape\Debug\cl.command.1.tlog
C:\Users\ailto\documents\visual studio 2010\Projects\PinEscape\PinEscape\Debug\CL.read.1.tlog
C:\Users\ailto\documents\visual studio 2010\Projects\PinEscape\PinEscape\Debug\CL.write.1.tlog
C:\Users\ailto\documents\visual studio 2010\Projects\PinEscape\PinEscape\Debug\link.12084.read.1.tlog
C:\Users\ailto\documents\visual studio 2010\Projects\PinEscape\PinEscape\Debug\link.12084.write.1.tlog
C:\Users\ailto\documents\visual studio 2010\Projects\PinEscape\PinEscape\Debug\link.12084-cvtres.read.1.tlog
C:\Users\ailto\documents\visual studio 2010\Projects\PinEscape\PinEscape\Debug\link.12084-cvtres.write.1.tlog
C:\Users\ailto\documents\visual studio 2010\Projects\PinEscape\PinEscape\Debug\link.12828.read.1.tlog
C:\Users\ailto\documents\visual studio 2010\Projects\PinEscape\PinEscape\Debug\link.12828.write.1.tlog
C:\Users\ailto\documents\visual studio 2010\Projects\PinEscape\PinEscape\Debug\link.12828-cvtres.read.1.tlog
C:\Users\ailto\documents\visual studio 2010\Projects\PinEscape\PinEscape\Debug\link.12828-cvtres.write.1.tlog
C:\Users\ailto\documents\visual studio 2010\Projects\PinEscape\PinEscape\Debug\link.8000.read.1.tlog
C:\Users\ailto\documents\visual studio 2010\Projects\PinEscape\PinEscape\Debug\link.8000.write.1.tlog
C:\Users\ailto\documents\visual studio 2010\Projects\PinEscape\PinEscape\Debug\link.8000-cvtres.read.1.tlog
C:\Users\ailto\documents\visual studio 2010\Projects\PinEscape\PinEscape\Debug\link.8000-cvtres.write.1.tlog
C:\Users\ailto\documents\visual studio 2010\Projects\PinEscape\PinEscape\Debug\link.9524.read.1.tlog
C:\Users\ailto\documents\visual studio 2010\Projects\PinEscape\PinEscape\Debug\link.9524.write.1.tlog
C:\Users\ailto\documents\visual studio 2010\Projects\PinEscape\PinEscape\Debug\link.9524-cvtres.read.1.tlog
C:\Users\ailto\documents\visual studio 2010\Projects\PinEscape\PinEscape\Debug\link.9524-cvtres.write.1.tlog
C:\Users\ailto\documents\visual studio 2010\Projects\PinEscape\PinEscape\Debug\link.command.1.tlog
C:\Users\ailto\documents\visual studio 2010\Projects\PinEscape\PinEscape\Debug\link.read.1.tlog
C:\Users\ailto\documents\visual studio 2010\Projects\PinEscape\PinEscape\Debug\link.write.1.tlog
C:\Users\ailto\documents\visual studio 2010\Projects\PinEscape\PinEscape\Debug\link-cvtres.read.1.tlog
C:\Users\ailto\documents\visual studio 2010\Projects\PinEscape\PinEscape\Debug\link-cvtres.write.1.tlog
C:\USERS\AILTO\DOCUMENTS\VISUAL STUDIO 2010\PROJECTS\PINESCAPE\PINESCAPE\DEBUG\MEMUPDATEMAPINFORMATIONS.OBJ
C:\Users\ailto\documents\visual studio 2010\Projects\PinEscape\PinEscape\Debug\mt.command.1.tlog
C:\Users\ailto\documents\visual studio 2010\Projects\PinEscape\PinEscape\Debug\mt.read.1.tlog
C:\Users\ailto\documents\visual studio 2010\Projects\PinEscape\PinEscape\Debug\mt.write.1.tlog
C:\USERS\AILTO\DOCUMENTS\VISUAL STUDIO 2010\PROJECTS\PINESCAPE\PINESCAPE\DEBUG\PINESCAPE.EXE.EMBED.MANIFEST
C:\USERS\AILTO\DOCUMENTS\VISUAL STUDIO 2010\PROJECTS\PINESCAPE\PINESCAPE\DEBUG\PINESCAPE.EXE.EMBED.MANIFEST.RES
C:\USERS\AILTO\DOCUMENTS\VISUAL STUDIO 2010\PROJECTS\PINESCAPE\PINESCAPE\DEBUG\PINESCAPE.EXE.INTERMEDIATE.MANIFEST
C:\USERS\AILTO\DOCUMENTS\VISUAL STUDIO 2010\PROJECTS\PINESCAPE\PINESCAPE\DEBUG\PINESCAPE.OBJ
C:\Users\ailto\documents\visual studio 2010\Projects\PinEscape\PinEscape\Debug\PinEscape.vcxprojResolveAssemblyReference.cache
C:\Users\ailto\documents\visual studio 2010\Projects\PinEscape\PinEscape\Debug\PinEscape.write.1.tlog
C:\Users\ailto\documents\visual studio 2010\Projects\PinEscape\PinEscape\Debug\PinEscape_manifest.rc
C:\Users\ailto\documents\visual studio 2010\Projects\PinEscape\PinEscape\Debug\rc.command.1.tlog
C:\Users\ailto\documents\visual studio 2010\Projects\PinEscape\PinEscape\Debug\rc.read.1.tlog
C:\Users\ailto\documents\visual studio 2010\Projects\PinEscape\PinEscape\Debug\rc.write.1.tlog
C:\Users\ailto\documents\visual studio 2010\Projects\PinEscape\PinEscape\Debug\vc100.idb
C:\USERS\AILTO\DOCUMENTS\VISUAL STUDIO 2010\PROJECTS\PINESCAPE\PINESCAPE\DEBUG\VC100.PDB
